<?xml version="1.0" encoding="UTF-8"?>
<testng-results ignored="0" total="2" passed="2" failed="0" skipped="0">
  <reporter-output>
  </reporter-output>
  <suite started-at="2023-10-11T17:12:25 WAT" name="Default suite" finished-at="2023-10-11T17:12:46 WAT" duration-ms="21190">
    <groups>
    </groups>
    <test started-at="2023-10-11T17:12:25 WAT" name="Default test" finished-at="2023-10-11T17:12:46 WAT" duration-ms="21190">
      <class name="ui_Tests.LoginDataWithErrorMessage_Test">
        <test-method signature="verifyLoginCredentials(java.lang.String,java.lang.String,java.lang.String)[pri:0, instance:ui_Tests.LoginDataWithErrorMessage_Test@82de64a]" started-at="2023-10-11T17:12:25 WAT" name="verifyLoginCredentials" data-provider="data-set" finished-at="2023-10-11T17:12:35 WAT" duration-ms="10064" status="PASS">
          <params>
            <param index="0">
              <value>
                <![CDATA[valid]]>
              </value>
            </param>
            <param index="1">
              <value>
                <![CDATA[test_ibisvision]]>
              </value>
            </param>
            <param index="2">
              <value>
                <![CDATA[ibisvision123!]]>
              </value>
            </param>
          </params>
          <reporter-output>
          </reporter-output>
        </test-method> <!-- verifyLoginCredentials -->
        <test-method signature="verifyLoginCredentials(java.lang.String,java.lang.String,java.lang.String)[pri:0, instance:ui_Tests.LoginDataWithErrorMessage_Test@82de64a]" started-at="2023-10-11T17:12:35 WAT" name="verifyLoginCredentials" data-provider="data-set" finished-at="2023-10-11T17:12:46 WAT" duration-ms="10999" status="PASS">
          <params>
            <param index="0">
              <value>
                <![CDATA[invalid]]>
              </value>
            </param>
            <param index="1">
              <value>
                <![CDATA[ibisvision]]>
              </value>
            </param>
            <param index="2">
              <value>
                <![CDATA[qwerty11]]>
              </value>
            </param>
          </params>
          <reporter-output>
          </reporter-output>
        </test-method> <!-- verifyLoginCredentials -->
      </class> <!-- ui_Tests.LoginDataWithErrorMessage_Test -->
    </test> <!-- Default test -->
  </suite> <!-- Default suite -->
</testng-results>
